<?xml version="1.0" encoding="UTF-8"?>
<robot generator="Robot 6.1.1 (Python 3.11.4 on linux)" generated="20231120 21:19:57.293" rpa="false" schemaversion="4">
<suite id="s1" name="Tests" source="/home/evamaria/palautusrepositorio/viikko3/web-login/src/tests">
<suite id="s1-s1" name="Home" source="/home/evamaria/palautusrepositorio/viikko3/web-login/src/tests/home.robot">
<kw name="Open And Configure Browser" library="resource" type="SETUP">
<kw name="Evaluate" library="BuiltIn">
<var>${options}</var>
<arg>sys.modules['selenium.webdriver'].ChromeOptions()</arg>
<arg>sys</arg>
<doc>Evaluates the given expression in Python and returns the result.</doc>
<msg timestamp="20231120 21:19:57.402" level="INFO">${options} = &lt;selenium.webdriver.chrome.options.Options object at 0x7fbc21edaa10&gt;</msg>
<status status="PASS" starttime="20231120 21:19:57.402" endtime="20231120 21:19:57.402"/>
</kw>
<kw name="Call Method" library="BuiltIn">
<arg>${options}</arg>
<arg>add_argument</arg>
<arg>--no-sandbox</arg>
<doc>Calls the named method of the given object with the provided arguments.</doc>
<status status="PASS" starttime="20231120 21:19:57.402" endtime="20231120 21:19:57.402"/>
</kw>
<kw name="Call Method" library="BuiltIn">
<arg>${options}</arg>
<arg>add_argument</arg>
<arg>--headless</arg>
<doc>Calls the named method of the given object with the provided arguments.</doc>
<status status="PASS" starttime="20231120 21:19:57.402" endtime="20231120 21:19:57.402"/>
</kw>
<kw name="Open Browser" library="SeleniumLibrary">
<arg>browser=chrome</arg>
<arg>options=${options}</arg>
<doc>Opens a new browser instance to the optional ``url``.</doc>
<msg timestamp="20231120 21:19:57.402" level="INFO">Opening browser 'chrome' to base url 'None'.</msg>
<msg timestamp="20231120 21:20:58.260" level="INFO">Cannot capture screenshot because no browser is open.</msg>
<msg timestamp="20231120 21:20:58.260" level="FAIL">SessionNotCreatedException: Message: session not created: DevToolsActivePort file doesn't exist
Stacktrace:
#0 0x55b892fc75e3 &lt;unknown&gt;
#1 0x55b892c8a0b7 &lt;unknown&gt;
#2 0x55b892cc54e1 &lt;unknown&gt;
#3 0x55b892cc1374 &lt;unknown&gt;
#4 0x55b892cbdb81 &lt;unknown&gt;
#5 0x55b892d0847f &lt;unknown&gt;
#6 0x55b892cfecc3 &lt;unknown&gt;
#7 0x55b892cca0e4 &lt;unknown&gt;
#8 0x55b892ccb0ae &lt;unknown&gt;
#9 0x55b892f8dce1 &lt;unknown&gt;
#10 0x55b892f91b7e &lt;unknown&gt;
#11 0x55b892f7b4b5 &lt;unknown&gt;
#12 0x55b892f927d6 &lt;unknown&gt;
#13 0x55b892f5edbf &lt;unknown&gt;
#14 0x55b892fb5748 &lt;unknown&gt;
#15 0x55b892fb5917 &lt;unknown&gt;
#16 0x55b892fc6773 &lt;unknown&gt;
#17 0x7f310648f6ba &lt;unknown&gt;
</msg>
<status status="FAIL" starttime="20231120 21:19:57.402" endtime="20231120 21:20:58.264"/>
</kw>
<kw name="Set Selenium Speed" library="SeleniumLibrary">
<arg>${DELAY}</arg>
<doc>Sets the delay that is waited after each Selenium command.</doc>
<status status="NOT RUN" starttime="20231120 21:20:58.264" endtime="20231120 21:20:58.264"/>
</kw>
<status status="FAIL" starttime="20231120 21:19:57.401" endtime="20231120 21:20:58.264"/>
</kw>
<test id="s1-s1-t1" name="Click Login Link" line="8">
<status status="FAIL" starttime="20231120 21:20:58.264" endtime="20231120 21:20:58.265">Parent suite setup failed:
SessionNotCreatedException: Message: session not created: DevToolsActivePort file doesn't exist
Stacktrace:
#0 0x55b892fc75e3 &lt;unknown&gt;
#1 0x55b892c8a0b7 &lt;unknown&gt;
#2 0x55b892cc54e1 &lt;unknown&gt;
#3 0x55b892cc1374 &lt;unknown&gt;
#4 0x55b892cbdb81 &lt;unknown&gt;
#5 0x55b892d0847f &lt;unknown&gt;
#6 0x55b892cfecc3 &lt;unknown&gt;
#7 0x55b892cca0e4 &lt;unknown&gt;
#8 0x55b892ccb0ae &lt;unknown&gt;
#9 0x55b892f8dce1 &lt;unknown&gt;
#10 0x55b892f91b7e &lt;unknown&gt;
#11 0x55b892f7b4b5 &lt;unknown&gt;
#12 0x55b892f927d6 &lt;unknown&gt;
#13 0x55b892f5edbf &lt;unknown&gt;
#14 0x55b892fb5748 &lt;unknown&gt;
#15 0x55b892fb5917 &lt;unknown&gt;
#16 0x55b892fc6773 &lt;unknown&gt;
#17 0x7f310648f6ba &lt;unknown&gt;
</status>
</test>
<test id="s1-s1-t2" name="Click Register Link" line="12">
<status status="FAIL" starttime="20231120 21:20:58.265" endtime="20231120 21:20:58.265">Parent suite setup failed:
SessionNotCreatedException: Message: session not created: DevToolsActivePort file doesn't exist
Stacktrace:
#0 0x55b892fc75e3 &lt;unknown&gt;
#1 0x55b892c8a0b7 &lt;unknown&gt;
#2 0x55b892cc54e1 &lt;unknown&gt;
#3 0x55b892cc1374 &lt;unknown&gt;
#4 0x55b892cbdb81 &lt;unknown&gt;
#5 0x55b892d0847f &lt;unknown&gt;
#6 0x55b892cfecc3 &lt;unknown&gt;
#7 0x55b892cca0e4 &lt;unknown&gt;
#8 0x55b892ccb0ae &lt;unknown&gt;
#9 0x55b892f8dce1 &lt;unknown&gt;
#10 0x55b892f91b7e &lt;unknown&gt;
#11 0x55b892f7b4b5 &lt;unknown&gt;
#12 0x55b892f927d6 &lt;unknown&gt;
#13 0x55b892f5edbf &lt;unknown&gt;
#14 0x55b892fb5748 &lt;unknown&gt;
#15 0x55b892fb5917 &lt;unknown&gt;
#16 0x55b892fc6773 &lt;unknown&gt;
#17 0x7f310648f6ba &lt;unknown&gt;
</status>
</test>
<kw name="Close Browser" library="SeleniumLibrary" type="TEARDOWN">
<doc>Closes the current browser.</doc>
<status status="PASS" starttime="20231120 21:20:58.266" endtime="20231120 21:20:58.266"/>
</kw>
<status status="FAIL" starttime="20231120 21:19:57.304" endtime="20231120 21:20:58.266">Suite setup failed:
SessionNotCreatedException: Message: session not created: DevToolsActivePort file doesn't exist
Stacktrace:
#0 0x55b892fc75e3 &lt;unknown&gt;
#1 0x55b892c8a0b7 &lt;unknown&gt;
#2 0x55b892cc54e1 &lt;unknown&gt;
#3 0x55b892cc1374 &lt;unknown&gt;
#4 0x55b892cbdb81 &lt;unknown&gt;
#5 0x55b892d0847f &lt;unknown&gt;
#6 0x55b892cfecc3 &lt;unknown&gt;
#7 0x55b892cca0e4 &lt;unknown&gt;
#8 0x55b892ccb0ae &lt;unknown&gt;
#9 0x55b892f8dce1 &lt;unknown&gt;
#10 0x55b892f91b7e &lt;unknown&gt;
#11 0x55b892f7b4b5 &lt;unknown&gt;
#12 0x55b892f927d6 &lt;unknown&gt;
#13 0x55b892f5edbf &lt;unknown&gt;
#14 0x55b892fb5748 &lt;unknown&gt;
#15 0x55b892fb5917 &lt;unknown&gt;
#16 0x55b892fc6773 &lt;unknown&gt;
#17 0x7f310648f6ba &lt;unknown&gt;
</status>
</suite>
<suite id="s1-s2" name="Login" source="/home/evamaria/palautusrepositorio/viikko3/web-login/src/tests/login.robot">
<kw name="Open And Configure Browser" library="resource" type="SETUP">
<kw name="Evaluate" library="BuiltIn">
<var>${options}</var>
<arg>sys.modules['selenium.webdriver'].ChromeOptions()</arg>
<arg>sys</arg>
<doc>Evaluates the given expression in Python and returns the result.</doc>
<msg timestamp="20231120 21:20:58.268" level="INFO">${options} = &lt;selenium.webdriver.chrome.options.Options object at 0x7fbc21f62690&gt;</msg>
<status status="PASS" starttime="20231120 21:20:58.268" endtime="20231120 21:20:58.268"/>
</kw>
<kw name="Call Method" library="BuiltIn">
<arg>${options}</arg>
<arg>add_argument</arg>
<arg>--no-sandbox</arg>
<doc>Calls the named method of the given object with the provided arguments.</doc>
<status status="PASS" starttime="20231120 21:20:58.268" endtime="20231120 21:20:58.268"/>
</kw>
<kw name="Call Method" library="BuiltIn">
<arg>${options}</arg>
<arg>add_argument</arg>
<arg>--headless</arg>
<doc>Calls the named method of the given object with the provided arguments.</doc>
<status status="PASS" starttime="20231120 21:20:58.268" endtime="20231120 21:20:58.268"/>
</kw>
<kw name="Open Browser" library="SeleniumLibrary">
<arg>browser=chrome</arg>
<arg>options=${options}</arg>
<doc>Opens a new browser instance to the optional ``url``.</doc>
<msg timestamp="20231120 21:20:58.269" level="INFO">Opening browser 'chrome' to base url 'None'.</msg>
<msg timestamp="20231120 21:21:59.102" level="INFO">Cannot capture screenshot because no browser is open.</msg>
<msg timestamp="20231120 21:21:59.102" level="FAIL">SessionNotCreatedException: Message: session not created: DevToolsActivePort file doesn't exist
Stacktrace:
#0 0x555dadf965e3 &lt;unknown&gt;
#1 0x555dadc590b7 &lt;unknown&gt;
#2 0x555dadc944e1 &lt;unknown&gt;
#3 0x555dadc90374 &lt;unknown&gt;
#4 0x555dadc8cb81 &lt;unknown&gt;
#5 0x555dadcd747f &lt;unknown&gt;
#6 0x555dadccdcc3 &lt;unknown&gt;
#7 0x555dadc990e4 &lt;unknown&gt;
#8 0x555dadc9a0ae &lt;unknown&gt;
#9 0x555dadf5cce1 &lt;unknown&gt;
#10 0x555dadf60b7e &lt;unknown&gt;
#11 0x555dadf4a4b5 &lt;unknown&gt;
#12 0x555dadf617d6 &lt;unknown&gt;
#13 0x555dadf2ddbf &lt;unknown&gt;
#14 0x555dadf84748 &lt;unknown&gt;
#15 0x555dadf84917 &lt;unknown&gt;
#16 0x555dadf95773 &lt;unknown&gt;
#17 0x7fed2ce8f6ba &lt;unknown&gt;
</msg>
<status status="FAIL" starttime="20231120 21:20:58.268" endtime="20231120 21:21:59.103"/>
</kw>
<kw name="Set Selenium Speed" library="SeleniumLibrary">
<arg>${DELAY}</arg>
<doc>Sets the delay that is waited after each Selenium command.</doc>
<status status="NOT RUN" starttime="20231120 21:21:59.103" endtime="20231120 21:21:59.103"/>
</kw>
<status status="FAIL" starttime="20231120 21:20:58.268" endtime="20231120 21:21:59.103"/>
</kw>
<test id="s1-s2-t1" name="Login With Correct Credentials" line="8">
<status status="FAIL" starttime="20231120 21:21:59.103" endtime="20231120 21:21:59.103">Parent suite setup failed:
SessionNotCreatedException: Message: session not created: DevToolsActivePort file doesn't exist
Stacktrace:
#0 0x555dadf965e3 &lt;unknown&gt;
#1 0x555dadc590b7 &lt;unknown&gt;
#2 0x555dadc944e1 &lt;unknown&gt;
#3 0x555dadc90374 &lt;unknown&gt;
#4 0x555dadc8cb81 &lt;unknown&gt;
#5 0x555dadcd747f &lt;unknown&gt;
#6 0x555dadccdcc3 &lt;unknown&gt;
#7 0x555dadc990e4 &lt;unknown&gt;
#8 0x555dadc9a0ae &lt;unknown&gt;
#9 0x555dadf5cce1 &lt;unknown&gt;
#10 0x555dadf60b7e &lt;unknown&gt;
#11 0x555dadf4a4b5 &lt;unknown&gt;
#12 0x555dadf617d6 &lt;unknown&gt;
#13 0x555dadf2ddbf &lt;unknown&gt;
#14 0x555dadf84748 &lt;unknown&gt;
#15 0x555dadf84917 &lt;unknown&gt;
#16 0x555dadf95773 &lt;unknown&gt;
#17 0x7fed2ce8f6ba &lt;unknown&gt;
</status>
</test>
<test id="s1-s2-t2" name="Login With Incorrect Password" line="14">
<status status="FAIL" starttime="20231120 21:21:59.104" endtime="20231120 21:21:59.104">Parent suite setup failed:
SessionNotCreatedException: Message: session not created: DevToolsActivePort file doesn't exist
Stacktrace:
#0 0x555dadf965e3 &lt;unknown&gt;
#1 0x555dadc590b7 &lt;unknown&gt;
#2 0x555dadc944e1 &lt;unknown&gt;
#3 0x555dadc90374 &lt;unknown&gt;
#4 0x555dadc8cb81 &lt;unknown&gt;
#5 0x555dadcd747f &lt;unknown&gt;
#6 0x555dadccdcc3 &lt;unknown&gt;
#7 0x555dadc990e4 &lt;unknown&gt;
#8 0x555dadc9a0ae &lt;unknown&gt;
#9 0x555dadf5cce1 &lt;unknown&gt;
#10 0x555dadf60b7e &lt;unknown&gt;
#11 0x555dadf4a4b5 &lt;unknown&gt;
#12 0x555dadf617d6 &lt;unknown&gt;
#13 0x555dadf2ddbf &lt;unknown&gt;
#14 0x555dadf84748 &lt;unknown&gt;
#15 0x555dadf84917 &lt;unknown&gt;
#16 0x555dadf95773 &lt;unknown&gt;
#17 0x7fed2ce8f6ba &lt;unknown&gt;
</status>
</test>
<test id="s1-s2-t3" name="Login With Nonexistent Username" line="20">
<status status="FAIL" starttime="20231120 21:21:59.104" endtime="20231120 21:21:59.104">Parent suite setup failed:
SessionNotCreatedException: Message: session not created: DevToolsActivePort file doesn't exist
Stacktrace:
#0 0x555dadf965e3 &lt;unknown&gt;
#1 0x555dadc590b7 &lt;unknown&gt;
#2 0x555dadc944e1 &lt;unknown&gt;
#3 0x555dadc90374 &lt;unknown&gt;
#4 0x555dadc8cb81 &lt;unknown&gt;
#5 0x555dadcd747f &lt;unknown&gt;
#6 0x555dadccdcc3 &lt;unknown&gt;
#7 0x555dadc990e4 &lt;unknown&gt;
#8 0x555dadc9a0ae &lt;unknown&gt;
#9 0x555dadf5cce1 &lt;unknown&gt;
#10 0x555dadf60b7e &lt;unknown&gt;
#11 0x555dadf4a4b5 &lt;unknown&gt;
#12 0x555dadf617d6 &lt;unknown&gt;
#13 0x555dadf2ddbf &lt;unknown&gt;
#14 0x555dadf84748 &lt;unknown&gt;
#15 0x555dadf84917 &lt;unknown&gt;
#16 0x555dadf95773 &lt;unknown&gt;
#17 0x7fed2ce8f6ba &lt;unknown&gt;
</status>
</test>
<kw name="Close Browser" library="SeleniumLibrary" type="TEARDOWN">
<doc>Closes the current browser.</doc>
<status status="PASS" starttime="20231120 21:21:59.104" endtime="20231120 21:21:59.104"/>
</kw>
<status status="FAIL" starttime="20231120 21:20:58.266" endtime="20231120 21:21:59.104">Suite setup failed:
SessionNotCreatedException: Message: session not created: DevToolsActivePort file doesn't exist
Stacktrace:
#0 0x555dadf965e3 &lt;unknown&gt;
#1 0x555dadc590b7 &lt;unknown&gt;
#2 0x555dadc944e1 &lt;unknown&gt;
#3 0x555dadc90374 &lt;unknown&gt;
#4 0x555dadc8cb81 &lt;unknown&gt;
#5 0x555dadcd747f &lt;unknown&gt;
#6 0x555dadccdcc3 &lt;unknown&gt;
#7 0x555dadc990e4 &lt;unknown&gt;
#8 0x555dadc9a0ae &lt;unknown&gt;
#9 0x555dadf5cce1 &lt;unknown&gt;
#10 0x555dadf60b7e &lt;unknown&gt;
#11 0x555dadf4a4b5 &lt;unknown&gt;
#12 0x555dadf617d6 &lt;unknown&gt;
#13 0x555dadf2ddbf &lt;unknown&gt;
#14 0x555dadf84748 &lt;unknown&gt;
#15 0x555dadf84917 &lt;unknown&gt;
#16 0x555dadf95773 &lt;unknown&gt;
#17 0x7fed2ce8f6ba &lt;unknown&gt;
</status>
</suite>
<status status="FAIL" starttime="20231120 21:19:57.294" endtime="20231120 21:21:59.105"/>
</suite>
<statistics>
<total>
<stat pass="0" fail="5" skip="0">All Tests</stat>
</total>
<tag>
</tag>
<suite>
<stat pass="0" fail="5" skip="0" id="s1" name="Tests">Tests</stat>
<stat pass="0" fail="2" skip="0" id="s1-s1" name="Home">Tests.Home</stat>
<stat pass="0" fail="3" skip="0" id="s1-s2" name="Login">Tests.Login</stat>
</suite>
</statistics>
<errors>
</errors>
</robot>
